<testsuite failures="0" name="features/UserController.feature" skipped="0" tests="2" time="0.337066">
  <testcase classname="features.UserController" name="check database that how many users we have at the beginning" time="0.092627">
    <system-out>* def userUrl = 'http://127.0.0.1:8900/user' .............................. passed
Given url userUrl ......................................................... passed
And path "/all" ........................................................... passed
When method get ........................................................... passed
And print response ........................................................ passed
Then status 200 ........................................................... passed</system-out>
  </testcase>
  <testcase classname="features.UserController" name="Call new user info from another feature file and verify results" time="0.24444">
    <system-out>* def userUrl = 'http://127.0.0.1:8900/user' .............................. passed
Given url userUrl ......................................................... passed
And path "/all" ........................................................... passed
When method get ........................................................... passed
And print response ........................................................ passed
Then status 200 ........................................................... passed
* def userUrl = 'http://127.0.0.1:8900/user' .............................. passed
* def myres = call read('newUser.feature') ................................ passed
* def response = myres.response ........................................... passed
* def lastId = myres.response.id .......................................... passed
Given url userUrl ......................................................... passed
And header Accept = 'application/json' .................................... passed
And header Content-Type = 'application/json' .............................. passed
And param id = lastId ..................................................... passed
When method get ........................................................... passed
Then status 200 ........................................................... passed
And print response.email .................................................. passed
And print response.name ................................................... passed
And print lastId .......................................................... passed</system-out>
  </testcase>
</testsuite>
