<testsuite failures="0" name="features/customDataCreator.feature" skipped="0" tests="1" time="1.781568">
  <testcase classname="features.customDataCreator" name="call Java method" time="1.781568">
    <system-out>* def myres = call read('newUser.feature') ................................ passed
* def name = myres.response.name .......................................... passed
* def email = myres.response.email ........................................ passed
* def lastId = myres.response.id .......................................... passed
* def javaDemo = Java.type('utilities.CustomDataFileCreator') ............. passed
* def result = new javaDemo().fileGen(name,email,lastId) .................. passed</system-out>
  </testcase>
</testsuite>
