<testsuite failures="0" name="src/test/java/features/CheckNewBooking.feature" skipped="0" tests="1" time="1.272997">
  <testcase classname="src.test.java.features.CheckNewBooking" name="id check" time="1.272997">
    <system-out>* def bookUrl = 'http://127.0.0.1:8900/booking' ........................... passed
* def headers = { Accept : 'application/json', Content-Type : 'application/json' } . passed
* def ext = read('classpath:customdata.csv') .............................. passed
* def lastId = ext[0].id .................................................. passed
Given url bookUrl ......................................................... passed
And param id = lastId ..................................................... passed
And param date = '' ....................................................... passed
When method GET ........................................................... passed
Then status 200 ........................................................... passed
And print response ........................................................ passed
* match response[0].idUser == lastId ...................................... passed
* print '********* PASS **********' ....................................... passed</system-out>
  </testcase>
</testsuite>
