<testsuite failures="3" name="src/test/java/features/PositiveAndNegative.feature" skipped="0" tests="9" time="1.424441">
  <testcase classname="src.test.java.features.PositiveAndNegative" name="GET user info" time="1.245505">
    <failure message="PositiveAndNegative.feature:15 - status code was: 500, expected: 404, response time: 43, url: http://127.0.0.1:8900/user?id=, response: ID erroneus">* def userUrl = 'http://127.0.0.1:8900/user' .............................. passed
* def bookUrl = 'http://127.0.0.1:8900/booking' ........................... passed
Given url userUrl ......................................................... passed
And header Accept = 'application/json' .................................... passed
And header Content-Type = 'application/json' .............................. passed
And param id = '' ......................................................... passed
When method get ........................................................... passed
Then status 404 ........................................................... failed

Stack Trace:
com.intuit.karate.exception.KarateException: PositiveAndNegative.feature:15 - status code was: 500, expected: 404, response time: 43, url: http://127.0.0.1:8900/user?id=, response: ID erroneus&#13;
	at ✽.Then status 404 (PositiveAndNegative.feature:15)&#13;

And print response ........................................................ skipped</failure>
  </testcase>
  <testcase classname="src.test.java.features.PositiveAndNegative" name="GET user info" time="0.068899">
    <failure message="PositiveAndNegative.feature:15 - status code was: 200, expected: 404, response time: 18, url: http://127.0.0.1:8900/user?id=pepe%40pepe.pe1-0.1, response: {&quot;name&quot;:&quot;pepe&quot;,&quot;id&quot;:&quot;pepe@pepe.pe1-0.1&quot;,&quot;bookings&quot;:[],&quot;email&quot;:&quot;pepe@pepe.pe1&quot;}">* def userUrl = 'http://127.0.0.1:8900/user' .............................. passed
* def bookUrl = 'http://127.0.0.1:8900/booking' ........................... passed
Given url userUrl ......................................................... passed
And header Accept = 'application/json' .................................... passed
And header Content-Type = 'application/json' .............................. passed
And param id = '' ......................................................... passed
When method get ........................................................... passed
Then status 404 ........................................................... failed

Stack Trace:
com.intuit.karate.exception.KarateException: PositiveAndNegative.feature:15 - status code was: 500, expected: 404, response time: 43, url: http://127.0.0.1:8900/user?id=, response: ID erroneus&#13;
	at ✽.Then status 404 (PositiveAndNegative.feature:15)&#13;

And print response ........................................................ skipped
* def userUrl = 'http://127.0.0.1:8900/user' .............................. passed
* def bookUrl = 'http://127.0.0.1:8900/booking' ........................... passed
Given url userUrl ......................................................... passed
And header Accept = 'application/json' .................................... passed
And header Content-Type = 'application/json' .............................. passed
And param id = 'pepe@pepe.pe1-0.1' ........................................ passed
When method get ........................................................... passed
Then status 404 ........................................................... failed

Stack Trace:
com.intuit.karate.exception.KarateException: PositiveAndNegative.feature:15 - status code was: 200, expected: 404, response time: 18, url: http://127.0.0.1:8900/user?id=pepe%40pepe.pe1-0.1, response: {"name":"pepe","id":"pepe@pepe.pe1-0.1","bookings":[],"email":"pepe@pepe.pe1"}&#13;
	at ✽.Then status 404 (PositiveAndNegative.feature:15)&#13;

And print response ........................................................ skipped</failure>
  </testcase>
  <testcase classname="src.test.java.features.PositiveAndNegative" name="GET user info" time="0.01127">
    <system-out>* def userUrl = 'http://127.0.0.1:8900/user' .............................. passed
* def bookUrl = 'http://127.0.0.1:8900/booking' ........................... passed
Given url userUrl ......................................................... passed
And header Accept = 'application/json' .................................... passed
And header Content-Type = 'application/json' .............................. passed
And param id = '' ......................................................... passed
When method get ........................................................... passed
Then status 404 ........................................................... failed

Stack Trace:
com.intuit.karate.exception.KarateException: PositiveAndNegative.feature:15 - status code was: 500, expected: 404, response time: 43, url: http://127.0.0.1:8900/user?id=, response: ID erroneus&#13;
	at ✽.Then status 404 (PositiveAndNegative.feature:15)&#13;

And print response ........................................................ skipped
* def userUrl = 'http://127.0.0.1:8900/user' .............................. passed
* def bookUrl = 'http://127.0.0.1:8900/booking' ........................... passed
Given url userUrl ......................................................... passed
And header Accept = 'application/json' .................................... passed
And header Content-Type = 'application/json' .............................. passed
And param id = 'pepe@pepe.pe1-0.1' ........................................ passed
When method get ........................................................... passed
Then status 404 ........................................................... failed

Stack Trace:
com.intuit.karate.exception.KarateException: PositiveAndNegative.feature:15 - status code was: 200, expected: 404, response time: 18, url: http://127.0.0.1:8900/user?id=pepe%40pepe.pe1-0.1, response: {"name":"pepe","id":"pepe@pepe.pe1-0.1","bookings":[],"email":"pepe@pepe.pe1"}&#13;
	at ✽.Then status 404 (PositiveAndNegative.feature:15)&#13;

And print response ........................................................ skipped
* def userUrl = 'http://127.0.0.1:8900/user' .............................. passed
* def bookUrl = 'http://127.0.0.1:8900/booking' ........................... passed
Given url userUrl ......................................................... passed
And header Accept = 'application/json' .................................... passed
And header Content-Type = 'application/json' .............................. passed
And param id = 'aabbcc' ................................................... passed
When method get ........................................................... passed
Then status 404 ........................................................... passed
And print response ........................................................ passed</system-out>
  </testcase>
  <testcase classname="src.test.java.features.PositiveAndNegative" name="GET user info" time="0.010395">
    <system-out>* def userUrl = 'http://127.0.0.1:8900/user' .............................. passed
* def bookUrl = 'http://127.0.0.1:8900/booking' ........................... passed
Given url userUrl ......................................................... passed
And header Accept = 'application/json' .................................... passed
And header Content-Type = 'application/json' .............................. passed
And param id = '' ......................................................... passed
When method get ........................................................... passed
Then status 404 ........................................................... failed

Stack Trace:
com.intuit.karate.exception.KarateException: PositiveAndNegative.feature:15 - status code was: 500, expected: 404, response time: 43, url: http://127.0.0.1:8900/user?id=, response: ID erroneus&#13;
	at ✽.Then status 404 (PositiveAndNegative.feature:15)&#13;

And print response ........................................................ skipped
* def userUrl = 'http://127.0.0.1:8900/user' .............................. passed
* def bookUrl = 'http://127.0.0.1:8900/booking' ........................... passed
Given url userUrl ......................................................... passed
And header Accept = 'application/json' .................................... passed
And header Content-Type = 'application/json' .............................. passed
And param id = 'pepe@pepe.pe1-0.1' ........................................ passed
When method get ........................................................... passed
Then status 404 ........................................................... failed

Stack Trace:
com.intuit.karate.exception.KarateException: PositiveAndNegative.feature:15 - status code was: 200, expected: 404, response time: 18, url: http://127.0.0.1:8900/user?id=pepe%40pepe.pe1-0.1, response: {"name":"pepe","id":"pepe@pepe.pe1-0.1","bookings":[],"email":"pepe@pepe.pe1"}&#13;
	at ✽.Then status 404 (PositiveAndNegative.feature:15)&#13;

And print response ........................................................ skipped
* def userUrl = 'http://127.0.0.1:8900/user' .............................. passed
* def bookUrl = 'http://127.0.0.1:8900/booking' ........................... passed
Given url userUrl ......................................................... passed
And header Accept = 'application/json' .................................... passed
And header Content-Type = 'application/json' .............................. passed
And param id = 'aabbcc' ................................................... passed
When method get ........................................................... passed
Then status 404 ........................................................... passed
And print response ........................................................ passed
* def userUrl = 'http://127.0.0.1:8900/user' .............................. passed
* def bookUrl = 'http://127.0.0.1:8900/booking' ........................... passed
Given url userUrl ......................................................... passed
And header Accept = 'application/json' .................................... passed
And header Content-Type = 'application/json' .............................. passed
And param id = '123' ...................................................... passed
When method get ........................................................... passed
Then status 404 ........................................................... passed
And print response ........................................................ passed</system-out>
  </testcase>
  <testcase classname="src.test.java.features.PositiveAndNegative" name="GET booking info" time="0.010199">
    <failure message="PositiveAndNegative.feature:32 - status code was: 400, expected: 200, response time: 6, url: http://127.0.0.1:8900/booking?id=&amp;date=, response: Bad request: date and id empty">* def userUrl = 'http://127.0.0.1:8900/user' .............................. passed
* def bookUrl = 'http://127.0.0.1:8900/booking' ........................... passed
Given url userUrl ......................................................... passed
And header Accept = 'application/json' .................................... passed
And header Content-Type = 'application/json' .............................. passed
And param id = '' ......................................................... passed
When method get ........................................................... passed
Then status 404 ........................................................... failed

Stack Trace:
com.intuit.karate.exception.KarateException: PositiveAndNegative.feature:15 - status code was: 500, expected: 404, response time: 43, url: http://127.0.0.1:8900/user?id=, response: ID erroneus&#13;
	at ✽.Then status 404 (PositiveAndNegative.feature:15)&#13;

And print response ........................................................ skipped
* def userUrl = 'http://127.0.0.1:8900/user' .............................. passed
* def bookUrl = 'http://127.0.0.1:8900/booking' ........................... passed
Given url userUrl ......................................................... passed
And header Accept = 'application/json' .................................... passed
And header Content-Type = 'application/json' .............................. passed
And param id = 'pepe@pepe.pe1-0.1' ........................................ passed
When method get ........................................................... passed
Then status 404 ........................................................... failed

Stack Trace:
com.intuit.karate.exception.KarateException: PositiveAndNegative.feature:15 - status code was: 200, expected: 404, response time: 18, url: http://127.0.0.1:8900/user?id=pepe%40pepe.pe1-0.1, response: {"name":"pepe","id":"pepe@pepe.pe1-0.1","bookings":[],"email":"pepe@pepe.pe1"}&#13;
	at ✽.Then status 404 (PositiveAndNegative.feature:15)&#13;

And print response ........................................................ skipped
* def userUrl = 'http://127.0.0.1:8900/user' .............................. passed
* def bookUrl = 'http://127.0.0.1:8900/booking' ........................... passed
Given url userUrl ......................................................... passed
And header Accept = 'application/json' .................................... passed
And header Content-Type = 'application/json' .............................. passed
And param id = 'aabbcc' ................................................... passed
When method get ........................................................... passed
Then status 404 ........................................................... passed
And print response ........................................................ passed
* def userUrl = 'http://127.0.0.1:8900/user' .............................. passed
* def bookUrl = 'http://127.0.0.1:8900/booking' ........................... passed
Given url userUrl ......................................................... passed
And header Accept = 'application/json' .................................... passed
And header Content-Type = 'application/json' .............................. passed
And param id = '123' ...................................................... passed
When method get ........................................................... passed
Then status 404 ........................................................... passed
And print response ........................................................ passed
* def userUrl = 'http://127.0.0.1:8900/user' .............................. passed
* def bookUrl = 'http://127.0.0.1:8900/booking' ........................... passed
Given url bookUrl ......................................................... passed
And header Accept = 'application/json' .................................... passed
And header Content-Type = 'application/json' .............................. passed
And param id = '' ......................................................... passed
And param date = '' ....................................................... passed
When method get ........................................................... passed
Then status 200 ........................................................... failed

Stack Trace:
com.intuit.karate.exception.KarateException: PositiveAndNegative.feature:32 - status code was: 400, expected: 200, response time: 6, url: http://127.0.0.1:8900/booking?id=&amp;date=, response: Bad request: date and id empty&#13;
	at ✽.Then status 200 (PositiveAndNegative.feature:32)&#13;

And print response ........................................................ skipped</failure>
  </testcase>
  <testcase classname="src.test.java.features.PositiveAndNegative" name="GET booking info" time="0.023693">
    <system-out>* def userUrl = 'http://127.0.0.1:8900/user' .............................. passed
* def bookUrl = 'http://127.0.0.1:8900/booking' ........................... passed
Given url userUrl ......................................................... passed
And header Accept = 'application/json' .................................... passed
And header Content-Type = 'application/json' .............................. passed
And param id = '' ......................................................... passed
When method get ........................................................... passed
Then status 404 ........................................................... failed

Stack Trace:
com.intuit.karate.exception.KarateException: PositiveAndNegative.feature:15 - status code was: 500, expected: 404, response time: 43, url: http://127.0.0.1:8900/user?id=, response: ID erroneus&#13;
	at ✽.Then status 404 (PositiveAndNegative.feature:15)&#13;

And print response ........................................................ skipped
* def userUrl = 'http://127.0.0.1:8900/user' .............................. passed
* def bookUrl = 'http://127.0.0.1:8900/booking' ........................... passed
Given url userUrl ......................................................... passed
And header Accept = 'application/json' .................................... passed
And header Content-Type = 'application/json' .............................. passed
And param id = 'pepe@pepe.pe1-0.1' ........................................ passed
When method get ........................................................... passed
Then status 404 ........................................................... failed

Stack Trace:
com.intuit.karate.exception.KarateException: PositiveAndNegative.feature:15 - status code was: 200, expected: 404, response time: 18, url: http://127.0.0.1:8900/user?id=pepe%40pepe.pe1-0.1, response: {"name":"pepe","id":"pepe@pepe.pe1-0.1","bookings":[],"email":"pepe@pepe.pe1"}&#13;
	at ✽.Then status 404 (PositiveAndNegative.feature:15)&#13;

And print response ........................................................ skipped
* def userUrl = 'http://127.0.0.1:8900/user' .............................. passed
* def bookUrl = 'http://127.0.0.1:8900/booking' ........................... passed
Given url userUrl ......................................................... passed
And header Accept = 'application/json' .................................... passed
And header Content-Type = 'application/json' .............................. passed
And param id = 'aabbcc' ................................................... passed
When method get ........................................................... passed
Then status 404 ........................................................... passed
And print response ........................................................ passed
* def userUrl = 'http://127.0.0.1:8900/user' .............................. passed
* def bookUrl = 'http://127.0.0.1:8900/booking' ........................... passed
Given url userUrl ......................................................... passed
And header Accept = 'application/json' .................................... passed
And header Content-Type = 'application/json' .............................. passed
And param id = '123' ...................................................... passed
When method get ........................................................... passed
Then status 404 ........................................................... passed
And print response ........................................................ passed
* def userUrl = 'http://127.0.0.1:8900/user' .............................. passed
* def bookUrl = 'http://127.0.0.1:8900/booking' ........................... passed
Given url bookUrl ......................................................... passed
And header Accept = 'application/json' .................................... passed
And header Content-Type = 'application/json' .............................. passed
And param id = '' ......................................................... passed
And param date = '' ....................................................... passed
When method get ........................................................... passed
Then status 200 ........................................................... failed

Stack Trace:
com.intuit.karate.exception.KarateException: PositiveAndNegative.feature:32 - status code was: 400, expected: 200, response time: 6, url: http://127.0.0.1:8900/booking?id=&amp;date=, response: Bad request: date and id empty&#13;
	at ✽.Then status 200 (PositiveAndNegative.feature:32)&#13;

And print response ........................................................ skipped
* def userUrl = 'http://127.0.0.1:8900/user' .............................. passed
* def bookUrl = 'http://127.0.0.1:8900/booking' ........................... passed
Given url bookUrl ......................................................... passed
And header Accept = 'application/json' .................................... passed
And header Content-Type = 'application/json' .............................. passed
And param id = 'pepe@pepe.pe1-0.1' ........................................ passed
And param date = '' ....................................................... passed
When method get ........................................................... passed
Then status 200 ........................................................... passed
And print response ........................................................ passed</system-out>
  </testcase>
  <testcase classname="src.test.java.features.PositiveAndNegative" name="GET booking info" time="0.016765">
    <system-out>* def userUrl = 'http://127.0.0.1:8900/user' .............................. passed
* def bookUrl = 'http://127.0.0.1:8900/booking' ........................... passed
Given url userUrl ......................................................... passed
And header Accept = 'application/json' .................................... passed
And header Content-Type = 'application/json' .............................. passed
And param id = '' ......................................................... passed
When method get ........................................................... passed
Then status 404 ........................................................... failed

Stack Trace:
com.intuit.karate.exception.KarateException: PositiveAndNegative.feature:15 - status code was: 500, expected: 404, response time: 43, url: http://127.0.0.1:8900/user?id=, response: ID erroneus&#13;
	at ✽.Then status 404 (PositiveAndNegative.feature:15)&#13;

And print response ........................................................ skipped
* def userUrl = 'http://127.0.0.1:8900/user' .............................. passed
* def bookUrl = 'http://127.0.0.1:8900/booking' ........................... passed
Given url userUrl ......................................................... passed
And header Accept = 'application/json' .................................... passed
And header Content-Type = 'application/json' .............................. passed
And param id = 'pepe@pepe.pe1-0.1' ........................................ passed
When method get ........................................................... passed
Then status 404 ........................................................... failed

Stack Trace:
com.intuit.karate.exception.KarateException: PositiveAndNegative.feature:15 - status code was: 200, expected: 404, response time: 18, url: http://127.0.0.1:8900/user?id=pepe%40pepe.pe1-0.1, response: {"name":"pepe","id":"pepe@pepe.pe1-0.1","bookings":[],"email":"pepe@pepe.pe1"}&#13;
	at ✽.Then status 404 (PositiveAndNegative.feature:15)&#13;

And print response ........................................................ skipped
* def userUrl = 'http://127.0.0.1:8900/user' .............................. passed
* def bookUrl = 'http://127.0.0.1:8900/booking' ........................... passed
Given url userUrl ......................................................... passed
And header Accept = 'application/json' .................................... passed
And header Content-Type = 'application/json' .............................. passed
And param id = 'aabbcc' ................................................... passed
When method get ........................................................... passed
Then status 404 ........................................................... passed
And print response ........................................................ passed
* def userUrl = 'http://127.0.0.1:8900/user' .............................. passed
* def bookUrl = 'http://127.0.0.1:8900/booking' ........................... passed
Given url userUrl ......................................................... passed
And header Accept = 'application/json' .................................... passed
And header Content-Type = 'application/json' .............................. passed
And param id = '123' ...................................................... passed
When method get ........................................................... passed
Then status 404 ........................................................... passed
And print response ........................................................ passed
* def userUrl = 'http://127.0.0.1:8900/user' .............................. passed
* def bookUrl = 'http://127.0.0.1:8900/booking' ........................... passed
Given url bookUrl ......................................................... passed
And header Accept = 'application/json' .................................... passed
And header Content-Type = 'application/json' .............................. passed
And param id = '' ......................................................... passed
And param date = '' ....................................................... passed
When method get ........................................................... passed
Then status 200 ........................................................... failed

Stack Trace:
com.intuit.karate.exception.KarateException: PositiveAndNegative.feature:32 - status code was: 400, expected: 200, response time: 6, url: http://127.0.0.1:8900/booking?id=&amp;date=, response: Bad request: date and id empty&#13;
	at ✽.Then status 200 (PositiveAndNegative.feature:32)&#13;

And print response ........................................................ skipped
* def userUrl = 'http://127.0.0.1:8900/user' .............................. passed
* def bookUrl = 'http://127.0.0.1:8900/booking' ........................... passed
Given url bookUrl ......................................................... passed
And header Accept = 'application/json' .................................... passed
And header Content-Type = 'application/json' .............................. passed
And param id = 'pepe@pepe.pe1-0.1' ........................................ passed
And param date = '' ....................................................... passed
When method get ........................................................... passed
Then status 200 ........................................................... passed
And print response ........................................................ passed
* def userUrl = 'http://127.0.0.1:8900/user' .............................. passed
* def bookUrl = 'http://127.0.0.1:8900/booking' ........................... passed
Given url bookUrl ......................................................... passed
And header Accept = 'application/json' .................................... passed
And header Content-Type = 'application/json' .............................. passed
And param id = '' ......................................................... passed
And param date = '2020-12-12' ............................................. passed
When method get ........................................................... passed
Then status 200 ........................................................... passed
And print response ........................................................ passed</system-out>
  </testcase>
  <testcase classname="src.test.java.features.PositiveAndNegative" name="GET booking info" time="0.022101">
    <system-out>* def userUrl = 'http://127.0.0.1:8900/user' .............................. passed
* def bookUrl = 'http://127.0.0.1:8900/booking' ........................... passed
Given url userUrl ......................................................... passed
And header Accept = 'application/json' .................................... passed
And header Content-Type = 'application/json' .............................. passed
And param id = '' ......................................................... passed
When method get ........................................................... passed
Then status 404 ........................................................... failed

Stack Trace:
com.intuit.karate.exception.KarateException: PositiveAndNegative.feature:15 - status code was: 500, expected: 404, response time: 43, url: http://127.0.0.1:8900/user?id=, response: ID erroneus&#13;
	at ✽.Then status 404 (PositiveAndNegative.feature:15)&#13;

And print response ........................................................ skipped
* def userUrl = 'http://127.0.0.1:8900/user' .............................. passed
* def bookUrl = 'http://127.0.0.1:8900/booking' ........................... passed
Given url userUrl ......................................................... passed
And header Accept = 'application/json' .................................... passed
And header Content-Type = 'application/json' .............................. passed
And param id = 'pepe@pepe.pe1-0.1' ........................................ passed
When method get ........................................................... passed
Then status 404 ........................................................... failed

Stack Trace:
com.intuit.karate.exception.KarateException: PositiveAndNegative.feature:15 - status code was: 200, expected: 404, response time: 18, url: http://127.0.0.1:8900/user?id=pepe%40pepe.pe1-0.1, response: {"name":"pepe","id":"pepe@pepe.pe1-0.1","bookings":[],"email":"pepe@pepe.pe1"}&#13;
	at ✽.Then status 404 (PositiveAndNegative.feature:15)&#13;

And print response ........................................................ skipped
* def userUrl = 'http://127.0.0.1:8900/user' .............................. passed
* def bookUrl = 'http://127.0.0.1:8900/booking' ........................... passed
Given url userUrl ......................................................... passed
And header Accept = 'application/json' .................................... passed
And header Content-Type = 'application/json' .............................. passed
And param id = 'aabbcc' ................................................... passed
When method get ........................................................... passed
Then status 404 ........................................................... passed
And print response ........................................................ passed
* def userUrl = 'http://127.0.0.1:8900/user' .............................. passed
* def bookUrl = 'http://127.0.0.1:8900/booking' ........................... passed
Given url userUrl ......................................................... passed
And header Accept = 'application/json' .................................... passed
And header Content-Type = 'application/json' .............................. passed
And param id = '123' ...................................................... passed
When method get ........................................................... passed
Then status 404 ........................................................... passed
And print response ........................................................ passed
* def userUrl = 'http://127.0.0.1:8900/user' .............................. passed
* def bookUrl = 'http://127.0.0.1:8900/booking' ........................... passed
Given url bookUrl ......................................................... passed
And header Accept = 'application/json' .................................... passed
And header Content-Type = 'application/json' .............................. passed
And param id = '' ......................................................... passed
And param date = '' ....................................................... passed
When method get ........................................................... passed
Then status 200 ........................................................... failed

Stack Trace:
com.intuit.karate.exception.KarateException: PositiveAndNegative.feature:32 - status code was: 400, expected: 200, response time: 6, url: http://127.0.0.1:8900/booking?id=&amp;date=, response: Bad request: date and id empty&#13;
	at ✽.Then status 200 (PositiveAndNegative.feature:32)&#13;

And print response ........................................................ skipped
* def userUrl = 'http://127.0.0.1:8900/user' .............................. passed
* def bookUrl = 'http://127.0.0.1:8900/booking' ........................... passed
Given url bookUrl ......................................................... passed
And header Accept = 'application/json' .................................... passed
And header Content-Type = 'application/json' .............................. passed
And param id = 'pepe@pepe.pe1-0.1' ........................................ passed
And param date = '' ....................................................... passed
When method get ........................................................... passed
Then status 200 ........................................................... passed
And print response ........................................................ passed
* def userUrl = 'http://127.0.0.1:8900/user' .............................. passed
* def bookUrl = 'http://127.0.0.1:8900/booking' ........................... passed
Given url bookUrl ......................................................... passed
And header Accept = 'application/json' .................................... passed
And header Content-Type = 'application/json' .............................. passed
And param id = '' ......................................................... passed
And param date = '2020-12-12' ............................................. passed
When method get ........................................................... passed
Then status 200 ........................................................... passed
And print response ........................................................ passed
* def userUrl = 'http://127.0.0.1:8900/user' .............................. passed
* def bookUrl = 'http://127.0.0.1:8900/booking' ........................... passed
Given url bookUrl ......................................................... passed
And header Accept = 'application/json' .................................... passed
And header Content-Type = 'application/json' .............................. passed
And param id = 'aaa' ...................................................... passed
And param date = '2020-10-10' ............................................. passed
When method get ........................................................... passed
Then status 200 ........................................................... passed
And print response ........................................................ passed</system-out>
  </testcase>
  <testcase classname="src.test.java.features.PositiveAndNegative" name="GET booking info" time="0.015612">
    <system-out>* def userUrl = 'http://127.0.0.1:8900/user' .............................. passed
* def bookUrl = 'http://127.0.0.1:8900/booking' ........................... passed
Given url userUrl ......................................................... passed
And header Accept = 'application/json' .................................... passed
And header Content-Type = 'application/json' .............................. passed
And param id = '' ......................................................... passed
When method get ........................................................... passed
Then status 404 ........................................................... failed

Stack Trace:
com.intuit.karate.exception.KarateException: PositiveAndNegative.feature:15 - status code was: 500, expected: 404, response time: 43, url: http://127.0.0.1:8900/user?id=, response: ID erroneus&#13;
	at ✽.Then status 404 (PositiveAndNegative.feature:15)&#13;

And print response ........................................................ skipped
* def userUrl = 'http://127.0.0.1:8900/user' .............................. passed
* def bookUrl = 'http://127.0.0.1:8900/booking' ........................... passed
Given url userUrl ......................................................... passed
And header Accept = 'application/json' .................................... passed
And header Content-Type = 'application/json' .............................. passed
And param id = 'pepe@pepe.pe1-0.1' ........................................ passed
When method get ........................................................... passed
Then status 404 ........................................................... failed

Stack Trace:
com.intuit.karate.exception.KarateException: PositiveAndNegative.feature:15 - status code was: 200, expected: 404, response time: 18, url: http://127.0.0.1:8900/user?id=pepe%40pepe.pe1-0.1, response: {"name":"pepe","id":"pepe@pepe.pe1-0.1","bookings":[],"email":"pepe@pepe.pe1"}&#13;
	at ✽.Then status 404 (PositiveAndNegative.feature:15)&#13;

And print response ........................................................ skipped
* def userUrl = 'http://127.0.0.1:8900/user' .............................. passed
* def bookUrl = 'http://127.0.0.1:8900/booking' ........................... passed
Given url userUrl ......................................................... passed
And header Accept = 'application/json' .................................... passed
And header Content-Type = 'application/json' .............................. passed
And param id = 'aabbcc' ................................................... passed
When method get ........................................................... passed
Then status 404 ........................................................... passed
And print response ........................................................ passed
* def userUrl = 'http://127.0.0.1:8900/user' .............................. passed
* def bookUrl = 'http://127.0.0.1:8900/booking' ........................... passed
Given url userUrl ......................................................... passed
And header Accept = 'application/json' .................................... passed
And header Content-Type = 'application/json' .............................. passed
And param id = '123' ...................................................... passed
When method get ........................................................... passed
Then status 404 ........................................................... passed
And print response ........................................................ passed
* def userUrl = 'http://127.0.0.1:8900/user' .............................. passed
* def bookUrl = 'http://127.0.0.1:8900/booking' ........................... passed
Given url bookUrl ......................................................... passed
And header Accept = 'application/json' .................................... passed
And header Content-Type = 'application/json' .............................. passed
And param id = '' ......................................................... passed
And param date = '' ....................................................... passed
When method get ........................................................... passed
Then status 200 ........................................................... failed

Stack Trace:
com.intuit.karate.exception.KarateException: PositiveAndNegative.feature:32 - status code was: 400, expected: 200, response time: 6, url: http://127.0.0.1:8900/booking?id=&amp;date=, response: Bad request: date and id empty&#13;
	at ✽.Then status 200 (PositiveAndNegative.feature:32)&#13;

And print response ........................................................ skipped
* def userUrl = 'http://127.0.0.1:8900/user' .............................. passed
* def bookUrl = 'http://127.0.0.1:8900/booking' ........................... passed
Given url bookUrl ......................................................... passed
And header Accept = 'application/json' .................................... passed
And header Content-Type = 'application/json' .............................. passed
And param id = 'pepe@pepe.pe1-0.1' ........................................ passed
And param date = '' ....................................................... passed
When method get ........................................................... passed
Then status 200 ........................................................... passed
And print response ........................................................ passed
* def userUrl = 'http://127.0.0.1:8900/user' .............................. passed
* def bookUrl = 'http://127.0.0.1:8900/booking' ........................... passed
Given url bookUrl ......................................................... passed
And header Accept = 'application/json' .................................... passed
And header Content-Type = 'application/json' .............................. passed
And param id = '' ......................................................... passed
And param date = '2020-12-12' ............................................. passed
When method get ........................................................... passed
Then status 200 ........................................................... passed
And print response ........................................................ passed
* def userUrl = 'http://127.0.0.1:8900/user' .............................. passed
* def bookUrl = 'http://127.0.0.1:8900/booking' ........................... passed
Given url bookUrl ......................................................... passed
And header Accept = 'application/json' .................................... passed
And header Content-Type = 'application/json' .............................. passed
And param id = 'aaa' ...................................................... passed
And param date = '2020-10-10' ............................................. passed
When method get ........................................................... passed
Then status 200 ........................................................... passed
And print response ........................................................ passed
* def userUrl = 'http://127.0.0.1:8900/user' .............................. passed
* def bookUrl = 'http://127.0.0.1:8900/booking' ........................... passed
Given url bookUrl ......................................................... passed
And header Accept = 'application/json' .................................... passed
And header Content-Type = 'application/json' .............................. passed
And param id = '123' ...................................................... passed
And param date = '2020-05-05' ............................................. passed
When method get ........................................................... passed
Then status 200 ........................................................... passed
And print response ........................................................ passed</system-out>
  </testcase>
</testsuite>
