<testsuite failures="0" name="src/test/java/features/BookingController.feature" skipped="0" tests="1" time="1.535223">
  <testcase classname="src.test.java.features.BookingController" name="create new booking for last created user" time="1.535223">
    <system-out>* def bookUrl = 'http://127.0.0.1:8900/booking' ........................... passed
* def headers = { Accept : 'application/json', Content-Type : 'application/json' } . passed
* call read('CustomDataCreator.feature') .................................. passed
* def ext = read('classpath:customdata.csv') .............................. passed
* def lastId = ext[0].id .................................................. passed
Given url bookUrl ......................................................... passed
And request ............................................................... passed
When method post .......................................................... passed
Then status 201 ........................................................... passed
And print response ........................................................ passed
And match response.idUser == lastId ....................................... passed
And match response.date == '2021-05-15' ................................... passed
And match response.origin == 'MAD' ........................................ passed
And match response.destination == 'JFK' ................................... passed
And match response contains any {"origin":"MAD","destination":"JFK" } ..... passed</system-out>
  </testcase>
</testsuite>
